Smith BB v Taylor
Jones BB v Taylor
Johnson SO v Taylor
Williams SO v Taylor
Jones SO v Taylor
Davis SO v Taylor
Wilson O v Taylor
Miller 1B v Taylor
Moore 2B v Taylor
Smith SO v Jackson
Jones O v Jackson
Johnson O v Jackson
Williams O v Jackson
Jones 3B v Jackson
Davis SO v Jackson
Wilson O v Jackson
Miller BB v Jackson
Moore SO v Jackson
Smith SO v Anderson
Jones SO v Anderson
Johnson 1B v Anderson
Williams O v Anderson
Jones SO v Anderson
Davis SO v Anderson
Wilson O v Anderson
Miller 1B v Anderson
Moore SO v Anderson
Smith SO v Thomas
Jones SO v Thomas
Johnson SO v Thomas
Williams SO v Thomas
Jones O v Thomas
Davis SO v Thomas
Wilson SO v Thomas
Miller HR v Thomas
Moore SO v Thomas
Smith O v Taylor
Jones SO v Taylor
Johnson HR v Taylor
Williams 3B v Taylor
Jones BB v Taylor
Davis SO v Taylor
Wilson BB v Taylor
Miller 2B v Taylor
Moore O v Taylor
Smith SO v Jackson
Jones O v Jackson
Johnson O v Jackson
Williams SO v Jackson
Jones SO v Jackson
Davis SO v Jackson
Wilson 3B v Jackson
Miller SO v Jackson
Moore SO v Jackson
Smith BB v Anderson
Jones 3B v Anderson
Johnson O v Anderson
Williams SO v Anderson
Jones SO v Anderson
Davis SO v Anderson
Wilson SO v Anderson
Miller BB v Anderson
Moore 1B v Anderson
Smith HR v Thomas
Jones O v Thomas
Johnson 3B v Thomas
Williams SO v Thomas
Jones O v Thomas
Davis SO v Thomas
Wilson BB v Thomas
Miller SO v Thomas
Moore BB v Thomas
Smith SO v Taylor
Jones 1B v Taylor
Johnson BB v Taylor
Williams SO v Taylor
Jones O v Taylor
Davis 3B v Taylor
Wilson HR v Taylor
Miller SO v Taylor
Moore SO v Taylor
Smith SO v Jackson
Jones SO v Jackson
Johnson HR v Jackson
Williams SO v Jackson
Jones HR v Jackson
Davis SO v Jackson
Wilson 1B v Jackson
Miller 3B v Jackson
Moore SO v Jackson
Smith 3B v Anderson
Jones BB v Anderson
Johnson SO v Anderson
Williams SO v Anderson
Jones 3B v Anderson
Davis SO v Anderson
Wilson SO v Anderson
Miller 2B v Anderson
Moore O v Anderson
Smith BB v Thomas
Jones SO v Thomas
Johnson BB v Thomas
Williams SO v Thomas
Jones O v Thomas
Davis SO v Thomas
Wilson SO v Thomas
Miller SO v Thomas
Moore O v Thomas
Smith SO v Taylor
Jones BB v Taylor
Johnson O v Taylor
Williams SO v Taylor
Jones SO v Taylor
Davis SO v Taylor
Wilson O v Taylor
Miller BB v Taylor
Moore SO v Taylor
Smith SO v Jackson
Jones 2B v Jackson
Johnson BB v Jackson
Williams SO v Jackson
Jones SO v Jackson
Davis O v Jackson
Wilson SO v Jackson
Miller SO v Jackson
Moore 2B v Jackson
Smith SO v Anderson
Jones O v Anderson
Johnson SO v Anderson
Williams SO v Anderson
Jones SO v Anderson
Davis SO v Anderson
Wilson SO v Anderson
Miller SO v Anderson
Moore 2B v Anderson
Smith SO v Thomas
Jones SO v Thomas
Johnson SO v Thomas
Williams SO v Thomas
Jones O v Thomas
Davis SO v Thomas
Wilson 3B v Thomas
Miller SO v Thomas
Moore BB v Thomas
Smith SO v Taylor
Jones BB v Taylor
Johnson BB v Taylor
Williams SO v Taylor
Jones 1B v Taylor
Davis O v Taylor
Wilson O v Taylor
Miller SO v Taylor
Moore HR v Taylor
Smith SO v Jackson
Jones 3B v Jackson
Johnson SO v Jackson
Williams SO v Jackson
Jones HR v Jackson
Davis SO v Jackson
Wilson SO v Jackson
Miller SO v Jackson
Moore O v Jackson
Smith SO v Anderson
Jones SO v Anderson
Johnson HR v Anderson
Williams SO v Anderson
Jones SO v Anderson
Davis SO v Anderson
Wilson BB v Anderson
Miller BB v Anderson
Moore SO v Anderson
Smith SO v Thomas
Jones SO v Thomas
Johnson BB v Thomas
Williams 3B v Thomas
Jones SO v Thomas
Davis SO v Thomas
Wilson O v Thomas
Miller 1B v Thomas
Moore O v Thomas
Smith O v Taylor
Jones 2B v Taylor
Johnson BB v Taylor
Williams BB v Taylor
Jones 1B v Taylor
Davis O v Taylor
Wilson BB v Taylor
Miller 2B v Taylor
Moore SO v Taylor
Smith BB v Jackson
Jones SO v Jackson
Johnson SO v Jackson
Williams 2B v Jackson
Jones HR v Jackson
Davis SO v Jackson
Wilson SO v Jackson
Miller O v Jackson
Moore 1B v Jackson
Smith SO v Anderson
Jones SO v Anderson
Johnson HR v Anderson
Williams SO v Anderson
Jones SO v Anderson
Davis SO v Anderson
Wilson O v Anderson
Miller SO v Anderson
Moore 1B v Anderson
Smith 1B v Thomas
Jones SO v Thomas
Johnson O v Thomas
Williams SO v Thomas
Jones SO v Thomas
Davis SO v Thomas
Wilson BB v Thomas
Miller 3B v Thomas
Moore SO v Thomas
Smith SO v Taylor
Jones 3B v Taylor
Johnson O v Taylor
Williams SO v Taylor
Jones SO v Taylor
Davis SO v Taylor
Wilson 1B v Taylor
Miller 1B v Taylor
Moore BB v Taylor
Smith SO v Jackson
Jones SO v Jackson
Johnson BB v Jackson
Williams BB v Jackson
Jones O v Jackson
Davis SO v Jackson
Wilson 2B v Jackson
Miller SO v Jackson
Moore O v Jackson
Smith BB v Anderson
Jones O v Anderson
Johnson O v Anderson
Williams HR v Anderson
Jones BB v Anderson
Davis SO v Anderson
Wilson SO v Anderson
Miller BB v Anderson
Moore BB v Anderson
Smith O v Thomas
Jones SO v Thomas
Johnson SO v Thomas
Williams BB v Thomas
Jones SO v Thomas
Davis BB v Thomas
Wilson O v Thomas
Miller SO v Thomas
Moore SO v Thomas
Smith BB v Taylor
Jones SO v Taylor
Johnson SO v Taylor
Williams SO v Taylor
Jones O v Taylor
Davis O v Taylor
Wilson O v Taylor
Miller SO v Taylor
Moore O v Taylor
Smith SO v Jackson
Jones SO v Jackson
Johnson SO v Jackson
Williams SO v Jackson
Jones SO v Jackson
Davis BB v Jackson
Wilson O v Jackson
Miller SO v Jackson
Moore 3B v Jackson
Smith SO v Anderson
Jones O v Anderson
Johnson SO v Anderson
Williams SO v Anderson
Jones SO v Anderson
Davis BB v Anderson
Wilson SO v Anderson
Miller 2B v Anderson
Moore SO v Anderson
Smith SO v Thomas
Jones SO v Thomas
Johnson SO v Thomas
Williams O v Thomas
Jones 2B v Thomas
Davis SO v Thomas
Wilson 1B v Thomas
Miller 1B v Thomas
Moore SO v Thomas
Smith BB v Taylor
Jones SO v Taylor
Johnson SO v Taylor
Williams SO v Taylor
Jones BB v Taylor
Davis 1B v Taylor
Wilson SO v Taylor
Miller HR v Taylor
Moore 1B v Taylor
Smith 3B v Jackson
Jones SO v Jackson
Johnson 2B v Jackson
Williams SO v Jackson
Jones O v Jackson
Davis 2B v Jackson
Wilson SO v Jackson
Miller O v Jackson
Moore SO v Jackson
Smith BB v Anderson
Jones SO v Anderson
Johnson 1B v Anderson
Williams 3B v Anderson
Jones O v Anderson
Davis BB v Anderson
Wilson SO v Anderson
Miller SO v Anderson
Moore SO v Anderson
Smith BB v Thomas
Jones BB v Thomas
Johnson O v Thomas
Williams SO v Thomas
Jones SO v Thomas
Davis SO v Thomas
Wilson SO v Thomas
Miller SO v Thomas
Moore O v Thomas
Smith SO v Taylor
Jones SO v Taylor
Johnson SO v Taylor
Williams SO v Taylor
Jones O v Taylor
Davis BB v Taylor
Wilson SO v Taylor
Miller BB v Taylor
Moore O v Taylor
Smith O v Jackson
Jones O v Jackson
Johnson O v Jackson
Williams SO v Jackson
Jones SO v Jackson
Davis SO v Jackson
Wilson SO v Jackson
Miller 3B v Jackson
Moore HR v Jackson
Smith O v Anderson
Jones BB v Anderson
Johnson SO v Anderson
Williams SO v Anderson
Jones BB v Anderson
Davis HR v Anderson
Wilson O v Anderson
Miller 3B v Anderson
Moore SO v Anderson
Smith BB v Thomas
Jones SO v Thomas
Johnson SO v Thomas
Williams 1B v Thomas
Jones SO v Thomas
Davis SO v Thomas
Wilson 2B v Thomas
Miller 2B v Thomas
Moore HR v Thomas
